<?xml version="1.0" encoding="UTF-8"?>
<!-- Generated by org.testng.reporters.JUnitReportReporter -->
<testsuite skipped="0" hostname="DESKTOP-H6OT06O" name="com.testCases.AdminTestCase" tests="2" failures="0" timestamp="30 Sep 2021 09:07:03 GMT" time="9.914" errors="0">
  <testcase name="users" time="2.751" classname="com.testCases.AdminTestCase"/>
  <testcase name="login" time="7.163" classname="com.testCases.AdminTestCase"/>
</testsuite> <!-- com.testCases.AdminTestCase -->
