<?xml version="1.0" encoding="UTF-8"?>
<!-- Generated by org.testng.reporters.JUnitReportReporter -->
<testsuite skipped="0" hostname="DESKTOP-H6OT06O" name="com.testCases.LoginTestCase" tests="1" failures="0" timestamp="30 Sep 2021 06:46:54 GMT" time="5.084" errors="0">
  <testcase name="login" time="5.084" classname="com.testCases.LoginTestCase"/>
</testsuite> <!-- com.testCases.LoginTestCase -->
